<?xml version="1.0" encoding="UTF-8"?>
<!-- Generated by org.testng.reporters.JUnitReportReporter -->
<testsuite skipped="0" hostname="BDC4-D-6HJFXH2" name="PageObjectModel.Testcase" tests="1" failures="0" timestamp="11 Feb 2020 07:26:14 GMT" time="21.878" errors="0">
  <testcase name="f" time="21.878" classname="PageObjectModel.Testcase"/>
</testsuite> <!-- PageObjectModel.Testcase -->
