<?xml version="1.0" encoding="UTF-8"?>
<!-- Generated by org.testng.reporters.JUnitReportReporter -->
<testsuite skipped="0" hostname="BDC4-D-6HJFXH2" name="com.test.Demo2" tests="1" failures="0" timestamp="10 Feb 2020 07:52:38 GMT" time="23.287" errors="0">
  <testcase name="f" time="23.287" classname="com.test.Demo2"/>
</testsuite> <!-- com.test.Demo2 -->
